Copyright 1986-2018 Xilinx, Inc. All Rights Reserved.
----------------------------------------------------------------------------------------------------------------------------------
| Tool Version     : Vivado v.2018.3 (lin64) Build 2405991 Thu Dec  6 23:36:41 MST 2018
| Date             : Sat Jun  1 01:20:58 2019
| Host             : T3 running 64-bit Ubuntu 18.04.2 LTS
| Command          : report_power -file main_power_routed.rpt -pb main_power_summary_routed.pb -rpx main_power_routed.rpx
| Design           : main
| Device           : xczu17eg-ffvc1760-2-e
| Design State     : routed
| Grade            : extended
| Process          : typical
| Characterization : Production
----------------------------------------------------------------------------------------------------------------------------------

Power Report

Table of Contents
-----------------
1. Summary
1.1 On-Chip Components
1.2 Power Supply Summary
1.3 Confidence Level
2. Settings
2.1 Environment
2.2 Clock Constraints
3. Detailed Reports
3.1 By Hierarchy

1. Summary
----------

+--------------------------+--------------+
| Total On-Chip Power (W)  | 6.535        |
| Design Power Budget (W)  | Unspecified* |
| Power Budget Margin (W)  | NA           |
| Dynamic (W)              | 5.389        |
| Device Static (W)        | 1.147        |
| Effective TJA (C/W)      | 0.7          |
| Max Ambient (C)          | 95.2         |
| Junction Temperature (C) | 29.8         |
| Confidence Level         | Low          |
| Setting File             | ---          |
| Simulation Activity File | ---          |
| Design Nets Matched      | NA           |
+--------------------------+--------------+
* Specify Design Power Budget using, set_operating_conditions -design_power_budget <value in Watts>


1.1 On-Chip Components
----------------------

+----------------+-----------+----------+-----------+-----------------+
| On-Chip        | Power (W) | Used     | Available | Utilization (%) |
+----------------+-----------+----------+-----------+-----------------+
| CLB Logic      |     1.689 |     4989 |       --- |             --- |
|   LUT as Logic |     1.688 |     2766 |    423403 |            0.65 |
|   BUFG         |    <0.001 |        1 |        88 |            1.14 |
|   Register     |    <0.001 |     2168 |    846806 |            0.26 |
|   Others       |     0.000 |       52 |       --- |             --- |
| Signals        |     3.116 |     3056 |       --- |             --- |
| Block RAM      |     0.381 |        5 |       796 |            0.63 |
| I/O            |     0.203 |       65 |       512 |           12.70 |
| Static Power   |     1.147 |          |           |                 |
| Total          |     6.535 |          |           |                 |
+----------------+-----------+----------+-----------+-----------------+


1.2 Power Supply Summary
------------------------

+-----------------+-------------+-----------+-------------+------------+
| Source          | Voltage (V) | Total (A) | Dynamic (A) | Static (A) |
+-----------------+-------------+-----------+-------------+------------+
| Vccint          |       0.850 |     6.421 |       6.070 |      0.351 |
| Vccint_io       |       0.850 |     0.231 |       0.133 |      0.098 |
| Vccbram         |       0.850 |     0.037 |       0.032 |      0.005 |
| Vccaux          |       1.800 |     0.335 |       0.000 |      0.335 |
| Vccaux_io       |       1.800 |     0.079 |       0.006 |      0.073 |
| Vcco33          |       3.300 |     0.000 |       0.000 |      0.000 |
| Vcco25          |       2.500 |     0.000 |       0.000 |      0.000 |
| Vcco18          |       1.800 |     0.044 |       0.044 |      0.000 |
| Vcco15          |       1.500 |     0.000 |       0.000 |      0.000 |
| Vcco135         |       1.350 |     0.000 |       0.000 |      0.000 |
| Vcco12          |       1.200 |     0.000 |       0.000 |      0.000 |
| Vcco10          |       1.000 |     0.000 |       0.000 |      0.000 |
| Vccadc          |       1.800 |     0.008 |       0.000 |      0.008 |
| VCC_PSINTFP     |       0.850 |     0.000 |       0.000 |      0.000 |
| VCC_PSINTLP     |       0.850 |     0.006 |       0.000 |      0.006 |
| VPS_MGTRAVCC    |       0.850 |     0.000 |       0.000 |      0.000 |
| VCC_PSINTFP_DDR |       0.850 |     0.000 |       0.000 |      0.000 |
| VCC_PSPLL       |       1.200 |     0.002 |       0.000 |      0.002 |
| VPS_MGTRAVTT    |       1.800 |     0.000 |       0.000 |      0.000 |
| VCCO_PSDDR_504  |       1.200 |     0.000 |       0.000 |      0.000 |
| VCC_PSAUX       |       1.800 |     0.002 |       0.000 |      0.002 |
| VCC_PSBATT      |       1.200 |     0.000 |       0.000 |      0.000 |
| VCC_PSDDR_PLL   |       1.800 |     0.000 |       0.000 |      0.000 |
| VCCO_PSIO0_500  |       3.300 |     0.000 |       0.000 |      0.000 |
| VCCO_PSIO1_501  |       3.300 |     0.000 |       0.000 |      0.000 |
| VCCO_PSIO2_502  |       3.300 |     0.000 |       0.000 |      0.000 |
| VCCO_PSIO3_503  |       3.300 |     0.000 |       0.000 |      0.000 |
| VCC_PSADC       |       1.800 |     0.002 |       0.000 |      0.002 |
| MGTAVcc         |       0.900 |     0.000 |       0.000 |      0.000 |
| MGTAVtt         |       1.200 |     0.000 |       0.000 |      0.000 |
| MGTVccaux       |       1.800 |     0.000 |       0.000 |      0.000 |
| MGTYAVcc        |       0.900 |     0.000 |       0.000 |      0.000 |
| MGTYAVtt        |       1.200 |     0.000 |       0.000 |      0.000 |
| MGTYVccaux      |       1.800 |     0.000 |       0.000 |      0.000 |
+-----------------+-------------+-----------+-------------+------------+


1.3 Confidence Level
--------------------

+-----------------------------+------------+--------------------------------------------------------+--------------------------------------------------------------------------------------------------------------------+
| User Input Data             | Confidence | Details                                                | Action                                                                                                             |
+-----------------------------+------------+--------------------------------------------------------+--------------------------------------------------------------------------------------------------------------------+
| Design implementation state | High       | Design is routed                                       |                                                                                                                    |
| Clock nodes activity        | Low        | User specified less than 75% of clocks                 | Provide missing clock activity with a constraint file, simulation results or by editing the "By Clock Domain" view |
| I/O nodes activity          | Low        | More than 75% of inputs are missing user specification | Provide missing input activity with simulation results or by editing the "By Resource Type -> I/Os" view           |
| Internal nodes activity     | Medium     | User specified less than 25% of internal nodes         | Provide missing internal nodes activity with simulation results or by editing the "By Resource Type" views         |
| Device models               | High       | Device models are Production                           |                                                                                                                    |
|                             |            |                                                        |                                                                                                                    |
| Overall confidence level    | Low        |                                                        |                                                                                                                    |
+-----------------------------+------------+--------------------------------------------------------+--------------------------------------------------------------------------------------------------------------------+


2. Settings
-----------

2.1 Environment
---------------

+-----------------------+--------------------------+
| Ambient Temp (C)      | 25.0                     |
| ThetaJA (C/W)         | 0.7                      |
| Airflow (LFM)         | 250                      |
| Heat Sink             | medium (Medium Profile)  |
| ThetaSA (C/W)         | 0.9                      |
| Board Selection       | medium (10"x10")         |
| # of Board Layers     | 12to15 (12 to 15 Layers) |
| Board Temperature (C) | 25.0                     |
+-----------------------+--------------------------+


2.2 Clock Constraints
---------------------

+-------+--------+-----------------+
| Clock | Domain | Constraint (ns) |
+-------+--------+-----------------+


3. Detailed Reports
-------------------

3.1 By Hierarchy
----------------

+------------------------------------------+-----------+
| Name                                     | Power (W) |
+------------------------------------------+-----------+
| main                                     |     5.389 |
|   ARRAY_OF_TCAM_INST                     |     1.731 |
|     GEN_TCAM_MEMORIES[0].TCAM_INST       |     0.110 |
|     GEN_TCAM_MEMORIES[1].TCAM_INST       |     0.129 |
|     GEN_TCAM_MEMORIES[2].TCAM_INST       |     0.150 |
|     GEN_TCAM_MEMORIES[3].TCAM_INST       |     0.155 |
|     GEN_TCAM_MEMORIES[4].TCAM_INST       |     0.167 |
|     GEN_TCAM_MEMORIES[5].TCAM_INST       |     0.207 |
|     GEN_TCAM_MEMORIES[6].TCAM_INST       |     0.202 |
|     GEN_TCAM_MEMORIES[7].TCAM_INST       |     0.201 |
|     GEN_TCAM_MEMORIES[8].TCAM_INST       |     0.203 |
|     GEN_TCAM_MEMORIES[9].TCAM_INST       |     0.207 |
|   CLK_IBUF_inst                          |     0.004 |
|   DATA_IN_IBUF[0]_inst                   |     0.072 |
|   DATA_IN_IBUF[10]_inst                  |     0.102 |
|   DATA_IN_IBUF[11]_inst                  |     0.107 |
|   DATA_IN_IBUF[12]_inst                  |     0.108 |
|   DATA_IN_IBUF[13]_inst                  |     0.105 |
|   DATA_IN_IBUF[14]_inst                  |     0.098 |
|   DATA_IN_IBUF[15]_inst                  |     0.102 |
|   DATA_IN_IBUF[16]_inst                  |     0.102 |
|   DATA_IN_IBUF[17]_inst                  |     0.106 |
|   DATA_IN_IBUF[18]_inst                  |     0.107 |
|   DATA_IN_IBUF[19]_inst                  |     0.114 |
|   DATA_IN_IBUF[1]_inst                   |     0.068 |
|   DATA_IN_IBUF[20]_inst                  |     0.108 |
|   DATA_IN_IBUF[21]_inst                  |     0.108 |
|   DATA_IN_IBUF[22]_inst                  |     0.113 |
|   DATA_IN_IBUF[23]_inst                  |     0.118 |
|   DATA_IN_IBUF[24]_inst                  |     0.114 |
|   DATA_IN_IBUF[25]_inst                  |     0.109 |
|   DATA_IN_IBUF[26]_inst                  |     0.116 |
|   DATA_IN_IBUF[27]_inst                  |     0.100 |
|   DATA_IN_IBUF[28]_inst                  |     0.115 |
|   DATA_IN_IBUF[29]_inst                  |     0.098 |
|   DATA_IN_IBUF[2]_inst                   |     0.079 |
|   DATA_IN_IBUF[30]_inst                  |     0.102 |
|   DATA_IN_IBUF[3]_inst                   |     0.082 |
|   DATA_IN_IBUF[4]_inst                   |     0.089 |
|   DATA_IN_IBUF[5]_inst                   |     0.110 |
|   DATA_IN_IBUF[6]_inst                   |     0.098 |
|   DATA_IN_IBUF[7]_inst                   |     0.095 |
|   DATA_IN_IBUF[8]_inst                   |     0.104 |
|   DATA_IN_IBUF[9]_inst                   |     0.102 |
|   ENCODER_INST                           |     0.381 |
|     GEN_PMAP_MEMORIES[0].DECODER_OUT_MEM |     0.038 |
|       xpm_memory_base_inst               |     0.038 |
|     GEN_PMAP_MEMORIES[1].DECODER_OUT_MEM |     0.038 |
|       xpm_memory_base_inst               |     0.038 |
|     GEN_PMAP_MEMORIES[2].DECODER_OUT_MEM |     0.038 |
|       xpm_memory_base_inst               |     0.038 |
|     GEN_PMAP_MEMORIES[3].DECODER_OUT_MEM |     0.038 |
|       xpm_memory_base_inst               |     0.038 |
|     GEN_PMAP_MEMORIES[4].DECODER_OUT_MEM |     0.038 |
|       xpm_memory_base_inst               |     0.038 |
|     GEN_PMAP_MEMORIES[5].DECODER_OUT_MEM |     0.038 |
|       xpm_memory_base_inst               |     0.038 |
|     GEN_PMAP_MEMORIES[6].DECODER_OUT_MEM |     0.038 |
|       xpm_memory_base_inst               |     0.038 |
|     GEN_PMAP_MEMORIES[7].DECODER_OUT_MEM |     0.038 |
|       xpm_memory_base_inst               |     0.038 |
|     GEN_PMAP_MEMORIES[8].DECODER_OUT_MEM |     0.038 |
|       xpm_memory_base_inst               |     0.038 |
|     GEN_PMAP_MEMORIES[9].DECODER_OUT_MEM |     0.038 |
|       xpm_memory_base_inst               |     0.038 |
+------------------------------------------+-----------+


